<?xml version="1.0" encoding="UTF-8"?>
<testsuite xmlns:xsi="http://www.w3.org/2001/XMLSchema-instance" xsi:noNamespaceSchemaLocation="https://maven.apache.org/surefire/maven-surefire-plugin/xsd/surefire-test-report.xsd" name="Runner.TestRunner" time="0.488" tests="7" errors="0" skipped="7" failures="0">
  <properties>
    <property name="sun.desktop" value="windows"/>
    <property name="awt.toolkit" value="sun.awt.windows.WToolkit"/>
    <property name="file.encoding.pkg" value="sun.io"/>
    <property name="java.specification.version" value="1.8"/>
    <property name="sun.cpu.isalist" value="amd64"/>
    <property name="sun.jnu.encoding" value="Cp1252"/>
    <property name="java.class.path" value="C:\WS_Mayank_Cukes\CucumberBDDProject\target\test-classes;C:\WS_Mayank_Cukes\CucumberBDDProject\target\classes;C:\Users\ADMIN\.m2\repository\junit\junit\4.12\junit-4.12.jar;C:\Users\ADMIN\.m2\repository\org\hamcrest\hamcrest-core\1.3\hamcrest-core-1.3.jar;C:\Users\ADMIN\.m2\repository\org\seleniumhq\selenium\selenium-java\3.141.59\selenium-java-3.141.59.jar;C:\Users\ADMIN\.m2\repository\org\seleniumhq\selenium\selenium-api\3.141.59\selenium-api-3.141.59.jar;C:\Users\ADMIN\.m2\repository\org\seleniumhq\selenium\selenium-chrome-driver\3.141.59\selenium-chrome-driver-3.141.59.jar;C:\Users\ADMIN\.m2\repository\org\seleniumhq\selenium\selenium-edge-driver\3.141.59\selenium-edge-driver-3.141.59.jar;C:\Users\ADMIN\.m2\repository\org\seleniumhq\selenium\selenium-firefox-driver\3.141.59\selenium-firefox-driver-3.141.59.jar;C:\Users\ADMIN\.m2\repository\org\seleniumhq\selenium\selenium-ie-driver\3.141.59\selenium-ie-driver-3.141.59.jar;C:\Users\ADMIN\.m2\repository\org\seleniumhq\selenium\selenium-opera-driver\3.141.59\selenium-opera-driver-3.141.59.jar;C:\Users\ADMIN\.m2\repository\org\seleniumhq\selenium\selenium-remote-driver\3.141.59\selenium-remote-driver-3.141.59.jar;C:\Users\ADMIN\.m2\repository\org\seleniumhq\selenium\selenium-safari-driver\3.141.59\selenium-safari-driver-3.141.59.jar;C:\Users\ADMIN\.m2\repository\org\seleniumhq\selenium\selenium-support\3.141.59\selenium-support-3.141.59.jar;C:\Users\ADMIN\.m2\repository\net\bytebuddy\byte-buddy\1.8.15\byte-buddy-1.8.15.jar;C:\Users\ADMIN\.m2\repository\org\apache\commons\commons-exec\1.3\commons-exec-1.3.jar;C:\Users\ADMIN\.m2\repository\com\google\guava\guava\25.0-jre\guava-25.0-jre.jar;C:\Users\ADMIN\.m2\repository\com\google\code\findbugs\jsr305\1.3.9\jsr305-1.3.9.jar;C:\Users\ADMIN\.m2\repository\org\checkerframework\checker-compat-qual\2.0.0\checker-compat-qual-2.0.0.jar;C:\Users\ADMIN\.m2\repository\com\google\errorprone\error_prone_annotations\2.1.3\error_prone_annotations-2.1.3.jar;C:\Users\ADMIN\.m2\repository\com\google\j2objc\j2objc-annotations\1.1\j2objc-annotations-1.1.jar;C:\Users\ADMIN\.m2\repository\org\codehaus\mojo\animal-sniffer-annotations\1.14\animal-sniffer-annotations-1.14.jar;C:\Users\ADMIN\.m2\repository\com\squareup\okhttp3\okhttp\3.11.0\okhttp-3.11.0.jar;C:\Users\ADMIN\.m2\repository\com\squareup\okio\okio\1.14.0\okio-1.14.0.jar;C:\Users\ADMIN\.m2\repository\io\cucumber\cucumber-java\4.0.0\cucumber-java-4.0.0.jar;C:\Users\ADMIN\.m2\repository\io\cucumber\cucumber-core\4.0.0\cucumber-core-4.0.0.jar;C:\Users\ADMIN\.m2\repository\io\cucumber\cucumber-html\0.2.7\cucumber-html-0.2.7.jar;C:\Users\ADMIN\.m2\repository\io\cucumber\gherkin\5.1.0\gherkin-5.1.0.jar;C:\Users\ADMIN\.m2\repository\io\cucumber\tag-expressions\1.1.1\tag-expressions-1.1.1.jar;C:\Users\ADMIN\.m2\repository\io\cucumber\cucumber-expressions\6.1.0\cucumber-expressions-6.1.0.jar;C:\Users\ADMIN\.m2\repository\io\cucumber\datatable\1.1.3\datatable-1.1.3.jar;C:\Users\ADMIN\.m2\repository\io\cucumber\datatable-dependencies\1.1.3\datatable-dependencies-1.1.3.jar;C:\Users\ADMIN\.m2\repository\org\mockito\mockito-all\1.10.19\mockito-all-1.10.19.jar;C:\Users\ADMIN\.m2\repository\io\cucumber\cucumber-junit\4.0.0\cucumber-junit-4.0.0.jar;C:\Users\ADMIN\.m2\repository\io\cucumber\gherkin-jvm-deps\1.0.6\gherkin-jvm-deps-1.0.6.jar;C:\Users\ADMIN\.m2\repository\org\apache\maven\surefire\surefire-junit4\2.22.2\surefire-junit4-2.22.2.jar;C:\Users\ADMIN\.m2\repository\org\apache\maven\surefire\surefire-api\2.22.2\surefire-api-2.22.2.jar;C:\Users\ADMIN\.m2\repository\org\apache\maven\surefire\surefire-logger-api\2.22.2\surefire-logger-api-2.22.2.jar;"/>
    <property name="java.vm.vendor" value="Oracle Corporation"/>
    <property name="sun.arch.data.model" value="64"/>
    <property name="user.variant" value=""/>
    <property name="java.vendor.url" value="http://java.oracle.com/"/>
    <property name="user.timezone" value="Asia/Calcutta"/>
    <property name="java.vm.specification.version" value="1.8"/>
    <property name="os.name" value="Windows 8.1"/>
    <property name="user.country" value="US"/>
    <property name="sun.java.launcher" value="SUN_STANDARD"/>
    <property name="sun.boot.library.path" value="C:\Program Files\Java\jdk1.8.0_121\jre\bin"/>
    <property name="sun.java.command" value="C:\Users\ADMIN\AppData\Local\Temp\surefire4340821020191773936\surefirebooter4023381368293990949.jar C:\Users\ADMIN\AppData\Local\Temp\surefire4340821020191773936 2020-01-15T11-27-39_922-jvmRun1 surefire8361325807448173811tmp surefire_0432237042436822503tmp"/>
    <property name="surefire.test.class.path" value="C:\WS_Mayank_Cukes\CucumberBDDProject\target\test-classes;C:\WS_Mayank_Cukes\CucumberBDDProject\target\classes;C:\Users\ADMIN\.m2\repository\junit\junit\4.12\junit-4.12.jar;C:\Users\ADMIN\.m2\repository\org\hamcrest\hamcrest-core\1.3\hamcrest-core-1.3.jar;C:\Users\ADMIN\.m2\repository\org\seleniumhq\selenium\selenium-java\3.141.59\selenium-java-3.141.59.jar;C:\Users\ADMIN\.m2\repository\org\seleniumhq\selenium\selenium-api\3.141.59\selenium-api-3.141.59.jar;C:\Users\ADMIN\.m2\repository\org\seleniumhq\selenium\selenium-chrome-driver\3.141.59\selenium-chrome-driver-3.141.59.jar;C:\Users\ADMIN\.m2\repository\org\seleniumhq\selenium\selenium-edge-driver\3.141.59\selenium-edge-driver-3.141.59.jar;C:\Users\ADMIN\.m2\repository\org\seleniumhq\selenium\selenium-firefox-driver\3.141.59\selenium-firefox-driver-3.141.59.jar;C:\Users\ADMIN\.m2\repository\org\seleniumhq\selenium\selenium-ie-driver\3.141.59\selenium-ie-driver-3.141.59.jar;C:\Users\ADMIN\.m2\repository\org\seleniumhq\selenium\selenium-opera-driver\3.141.59\selenium-opera-driver-3.141.59.jar;C:\Users\ADMIN\.m2\repository\org\seleniumhq\selenium\selenium-remote-driver\3.141.59\selenium-remote-driver-3.141.59.jar;C:\Users\ADMIN\.m2\repository\org\seleniumhq\selenium\selenium-safari-driver\3.141.59\selenium-safari-driver-3.141.59.jar;C:\Users\ADMIN\.m2\repository\org\seleniumhq\selenium\selenium-support\3.141.59\selenium-support-3.141.59.jar;C:\Users\ADMIN\.m2\repository\net\bytebuddy\byte-buddy\1.8.15\byte-buddy-1.8.15.jar;C:\Users\ADMIN\.m2\repository\org\apache\commons\commons-exec\1.3\commons-exec-1.3.jar;C:\Users\ADMIN\.m2\repository\com\google\guava\guava\25.0-jre\guava-25.0-jre.jar;C:\Users\ADMIN\.m2\repository\com\google\code\findbugs\jsr305\1.3.9\jsr305-1.3.9.jar;C:\Users\ADMIN\.m2\repository\org\checkerframework\checker-compat-qual\2.0.0\checker-compat-qual-2.0.0.jar;C:\Users\ADMIN\.m2\repository\com\google\errorprone\error_prone_annotations\2.1.3\error_prone_annotations-2.1.3.jar;C:\Users\ADMIN\.m2\repository\com\google\j2objc\j2objc-annotations\1.1\j2objc-annotations-1.1.jar;C:\Users\ADMIN\.m2\repository\org\codehaus\mojo\animal-sniffer-annotations\1.14\animal-sniffer-annotations-1.14.jar;C:\Users\ADMIN\.m2\repository\com\squareup\okhttp3\okhttp\3.11.0\okhttp-3.11.0.jar;C:\Users\ADMIN\.m2\repository\com\squareup\okio\okio\1.14.0\okio-1.14.0.jar;C:\Users\ADMIN\.m2\repository\io\cucumber\cucumber-java\4.0.0\cucumber-java-4.0.0.jar;C:\Users\ADMIN\.m2\repository\io\cucumber\cucumber-core\4.0.0\cucumber-core-4.0.0.jar;C:\Users\ADMIN\.m2\repository\io\cucumber\cucumber-html\0.2.7\cucumber-html-0.2.7.jar;C:\Users\ADMIN\.m2\repository\io\cucumber\gherkin\5.1.0\gherkin-5.1.0.jar;C:\Users\ADMIN\.m2\repository\io\cucumber\tag-expressions\1.1.1\tag-expressions-1.1.1.jar;C:\Users\ADMIN\.m2\repository\io\cucumber\cucumber-expressions\6.1.0\cucumber-expressions-6.1.0.jar;C:\Users\ADMIN\.m2\repository\io\cucumber\datatable\1.1.3\datatable-1.1.3.jar;C:\Users\ADMIN\.m2\repository\io\cucumber\datatable-dependencies\1.1.3\datatable-dependencies-1.1.3.jar;C:\Users\ADMIN\.m2\repository\org\mockito\mockito-all\1.10.19\mockito-all-1.10.19.jar;C:\Users\ADMIN\.m2\repository\io\cucumber\cucumber-junit\4.0.0\cucumber-junit-4.0.0.jar;C:\Users\ADMIN\.m2\repository\io\cucumber\gherkin-jvm-deps\1.0.6\gherkin-jvm-deps-1.0.6.jar;C:\Users\ADMIN\.m2\repository\org\apache\maven\surefire\surefire-junit4\2.22.2\surefire-junit4-2.22.2.jar;C:\Users\ADMIN\.m2\repository\org\apache\maven\surefire\surefire-api\2.22.2\surefire-api-2.22.2.jar;C:\Users\ADMIN\.m2\repository\org\apache\maven\surefire\surefire-logger-api\2.22.2\surefire-logger-api-2.22.2.jar;"/>
    <property name="sun.cpu.endian" value="little"/>
    <property name="user.home" value="C:\Users\ADMIN"/>
    <property name="user.language" value="en"/>
    <property name="java.specification.vendor" value="Oracle Corporation"/>
    <property name="java.home" value="C:\Program Files\Java\jdk1.8.0_121\jre"/>
    <property name="basedir" value="C:\WS_Mayank_Cukes\CucumberBDDProject"/>
    <property name="file.separator" value="\"/>
    <property name="line.separator" value="&#10;"/>
    <property name="java.vm.specification.vendor" value="Oracle Corporation"/>
    <property name="java.specification.name" value="Java Platform API Specification"/>
    <property name="java.awt.graphicsenv" value="sun.awt.Win32GraphicsEnvironment"/>
    <property name="surefire.real.class.path" value="C:\Users\ADMIN\AppData\Local\Temp\surefire4340821020191773936\surefirebooter4023381368293990949.jar"/>
    <property name="sun.boot.class.path" value="C:\Program Files\Java\jdk1.8.0_121\jre\lib\resources.jar;C:\Program Files\Java\jdk1.8.0_121\jre\lib\rt.jar;C:\Program Files\Java\jdk1.8.0_121\jre\lib\sunrsasign.jar;C:\Program Files\Java\jdk1.8.0_121\jre\lib\jsse.jar;C:\Program Files\Java\jdk1.8.0_121\jre\lib\jce.jar;C:\Program Files\Java\jdk1.8.0_121\jre\lib\charsets.jar;C:\Program Files\Java\jdk1.8.0_121\jre\lib\jfr.jar;C:\Program Files\Java\jdk1.8.0_121\jre\classes"/>
    <property name="user.script" value=""/>
    <property name="sun.management.compiler" value="HotSpot 64-Bit Tiered Compilers"/>
    <property name="java.runtime.version" value="1.8.0_121-b13"/>
    <property name="user.name" value="ADMIN"/>
    <property name="path.separator" value=";"/>
    <property name="os.version" value="6.3"/>
    <property name="java.endorsed.dirs" value="C:\Program Files\Java\jdk1.8.0_121\jre\lib\endorsed"/>
    <property name="java.runtime.name" value="Java(TM) SE Runtime Environment"/>
    <property name="file.encoding" value="Cp1252"/>
    <property name="java.vm.name" value="Java HotSpot(TM) 64-Bit Server VM"/>
    <property name="localRepository" value="C:\Users\ADMIN\.m2\repository"/>
    <property name="java.vendor.url.bug" value="http://bugreport.sun.com/bugreport/"/>
    <property name="java.io.tmpdir" value="C:\Users\ADMIN\AppData\Local\Temp\"/>
    <property name="java.version" value="1.8.0_121"/>
    <property name="user.dir" value="C:\WS_Mayank_Cukes\CucumberBDDProject"/>
    <property name="os.arch" value="amd64"/>
    <property name="java.vm.specification.name" value="Java Virtual Machine Specification"/>
    <property name="java.awt.printerjob" value="sun.awt.windows.WPrinterJob"/>
    <property name="sun.os.patch.level" value=""/>
    <property name="java.library.path" value="C:\Program Files\Java\jdk1.8.0_121\jre\bin;C:\Windows\Sun\Java\bin;C:\Windows\system32;C:\Windows;C:/Program Files/Java/jdk1.8.0_121/bin/../jre/bin/server;C:/Program Files/Java/jdk1.8.0_121/bin/../jre/bin;C:/Program Files/Java/jdk1.8.0_121/bin/../jre/lib/amd64;C:\oraclexe\app\oracle\product\11.2.0\server\bin;;C:\Windows\System32;C:\Program Files\Java\jdk1.8.0_121\bin;%JMETER_HOME%\bin;C:\Program Files\Java\jdk1.8.0_121\bin;C:\Program Files\Java\jdk1.8.0_121;C:\Program Files\Git\cmd;C:\Program Files\Microsoft VS Code\bin;C:\Program Files\Amazon\AWSCLI\bin\;&quot;C:\Program Files\Amazon\AWSCLI\bin\aws.cmd&quot;;C:\Users\ADMIN\Desktop\Selenium Files\apache-ant-1.9.6\bin;C:\Users\ADMIN\Desktop\Selenium Files\apache-ant-1.9.6\bin;C:\Users\ADMIN\Desktop\Selenium Files\Grid+Maven\Maven\apache-maven-3.3.9\bin;C:\Users\ADMIN\AppData\Local\Android\Sdk\build-tools;C:\Users\ADMIN\AppData\Local\Android\Sdk\platforms;C:\Users\ADMIN\AppData\Local\Android\Sdk\platform-tools;C:\Users\ADMIN\AppData\Local\Android\Sdk\tools;C:\Program Files\nodejs\node_modules\npm\bin;C:\Users\ADMIN\AppData\Local\Programs\Appium\resources\app\node_modules;C:\MobileAppium\androidsdk\sdk\platform-tools;C:\MobileAppium\androidsdk\sdk\tools;C:\Program Files\Java\jdk1.8.0_121\bin;C:\Program Files\nodejs;C:\Users\ADMIN\AppData\Roaming\npm;C:\Eclipse-2019-06-Cukes;;."/>
    <property name="java.vm.info" value="mixed mode"/>
    <property name="java.vendor" value="Oracle Corporation"/>
    <property name="java.vm.version" value="25.121-b13"/>
    <property name="java.ext.dirs" value="C:\Program Files\Java\jdk1.8.0_121\jre\lib\ext;C:\Windows\Sun\Java\lib\ext"/>
    <property name="sun.io.unicode.encoding" value="UnicodeLittle"/>
    <property name="java.class.version" value="52.0"/>
  </properties>
  <testcase name="Enter GMO OnLine site" classname="Test GMO Post" time="0">
    <skipped message="This scenario is skipped"/>
    <system-out><![CDATA[Feature: Test GMO Post

  @GMOHome
  Scenario: Enter GMO OnLine site            &amp#27;[90m# src/test/java/Features/GMO.feature:4&amp#27;[0m
    &amp#27;[36mGiven &amp#27;[0m&amp#27;[36mI am on GMO Home Page&amp#27;[0m              &amp#27;[90m# GMO_Steps.i_am_on_GMO_Home_Page()&amp#27;[0m
    &amp#27;[36mWhen &amp#27;[0m&amp#27;[36mI Enter GMO site&amp#27;[0m                    &amp#27;[90m# GMO_Steps.i_Enter_GMO_site()&amp#27;[0m
    &amp#27;[36mThen &amp#27;[0m&amp#27;[36mI should see Catalog page displayed&amp#27;[0m &amp#27;[90m# GMO_Steps.i_should_see_Catalog_page_displayed()&amp#27;[0m
]]></system-out>
  </testcase>
  <testcase name="Order an item from the cataolg displayed" classname="Test GMO Post" time="0">
    <skipped message="This scenario is skipped"/>
    <system-out><![CDATA[
  @Catalog
  Scenario Outline: Order an item from the cataolg displayed &amp#27;[90m# src/test/java/Features/GMO.feature:10&amp#27;[0m
    &amp#27;[36mGiven I am on Catalog page&amp#27;[0m
    &amp#27;[36mWhen I order "<orderQty>" for item "<itemDesc>"&amp#27;[0m
    &amp#27;[36mThen I should see quantity for "<itemDesc>" equals "<orderQty>"&amp#27;[0m

    Examples: 

  @Catalog
  Scenario Outline: Order an item from the cataolg displayed  &amp#27;[90m# src/test/java/Features/GMO.feature:16&amp#27;[0m
    &amp#27;[36mGiven &amp#27;[0m&amp#27;[36mI am on Catalog page&amp#27;[0m                                &amp#27;[90m# GMO_Steps.i_am_on_Catalog_page()&amp#27;[0m
    &amp#27;[36mWhen &amp#27;[0m&amp#27;[36mI order &amp#27;[0m&amp#27;[36m&amp#27;[1m"10"&amp#27;[0m&amp#27;[36m for item &amp#27;[0m&amp#27;[36m&amp#27;[1m"Hiking Boots"&amp#27;[0m                 &amp#27;[90m# GMO_Steps.i_order_for_item(String,String)&amp#27;[0m
    &amp#27;[36mThen &amp#27;[0m&amp#27;[36mI should see quantity for &amp#27;[0m&amp#27;[36m&amp#27;[1m"Hiking Boots"&amp#27;[0m&amp#27;[36m equals &amp#27;[0m&amp#27;[36m&amp#27;[1m"10"&amp#27;[0m &amp#27;[90m# GMO_Steps.i_should_see_quantity_for_equals(String,String)&amp#27;[0m
]]></system-out>
  </testcase>
  <testcase name="Order an item from the cataolg displayed" classname="Test GMO Post" time="0">
    <skipped message="This scenario is skipped"/>
    <system-out><![CDATA[
  @Catalog
  Scenario Outline: Order an item from the cataolg displayed       &amp#27;[90m# src/test/java/Features/GMO.feature:17&amp#27;[0m
    &amp#27;[36mGiven &amp#27;[0m&amp#27;[36mI am on Catalog page&amp#27;[0m                                     &amp#27;[90m# GMO_Steps.i_am_on_Catalog_page()&amp#27;[0m
    &amp#27;[36mWhen &amp#27;[0m&amp#27;[36mI order &amp#27;[0m&amp#27;[36m&amp#27;[1m"4"&amp#27;[0m&amp#27;[36m for item &amp#27;[0m&amp#27;[36m&amp#27;[1m"3 Person Dome Tent"&amp#27;[0m                 &amp#27;[90m# GMO_Steps.i_order_for_item(String,String)&amp#27;[0m
    &amp#27;[36mThen &amp#27;[0m&amp#27;[36mI should see quantity for &amp#27;[0m&amp#27;[36m&amp#27;[1m"3 Person Dome Tent"&amp#27;[0m&amp#27;[36m equals &amp#27;[0m&amp#27;[36m&amp#27;[1m"4"&amp#27;[0m &amp#27;[90m# GMO_Steps.i_should_see_quantity_for_equals(String,String)&amp#27;[0m
]]></system-out>
  </testcase>
  <testcase name="Place the order for item selected" classname="Test GMO Post" time="0">
    <skipped message="This scenario is skipped"/>
    <system-out><![CDATA[
  @SelectItems
  Scenario: Place the order for item selected    &amp#27;[90m# src/test/java/Features/GMO.feature:20&amp#27;[0m
    &amp#27;[36mGiven &amp#27;[0m&amp#27;[36mI have selected the items&amp#27;[0m              &amp#27;[90m# GMO_Steps.i_have_selected_the_items()&amp#27;[0m
    &amp#27;[36mWhen &amp#27;[0m&amp#27;[36mI place the order&amp#27;[0m                       &amp#27;[90m# GMO_Steps.i_place_the_order()&amp#27;[0m
    &amp#27;[36mThen &amp#27;[0m&amp#27;[36mI should see place order page displayed&amp#27;[0m &amp#27;[90m# GMO_Steps.i_should_see_place_order_page_displayed()&amp#27;[0m
]]></system-out>
  </testcase>
  <testcase name="Proceed with Order confirmation" classname="Test GMO Post" time="0">
    <skipped message="This scenario is skipped"/>
    <system-out><![CDATA[
  @PlaceOrder
  Scenario: Proceed with Order confirmation        &amp#27;[90m# src/test/java/Features/GMO.feature:26&amp#27;[0m
    &amp#27;[36mGiven &amp#27;[0m&amp#27;[36mI am on Place Order page&amp#27;[0m                 &amp#27;[90m# GMO_Steps.i_am_on_Place_Order_page()&amp#27;[0m
    &amp#27;[36mAnd &amp#27;[0m&amp#27;[36mI confirm my orders and proceed to billing&amp#27;[0m &amp#27;[90m# GMO_Steps.i_confirm_my_orders_and_proceed_to_billing()&amp#27;[0m
    &amp#27;[36mThen &amp#27;[0m&amp#27;[36mI should see billing page&amp#27;[0m                 &amp#27;[90m# GMO_Steps.i_should_see_billing_page()&amp#27;[0m
]]></system-out>
  </testcase>
  <testcase name="Provided billing address and checkout" classname="Test GMO Post" time="0">
    <skipped message="This scenario is skipped"/>
    <system-out><![CDATA[
  @Billing
  Scenario: Provided billing address and checkout &amp#27;[90m# src/test/java/Features/GMO.feature:32&amp#27;[0m
    &amp#27;[36mGiven &amp#27;[0m&amp#27;[36mI am on Billing page&amp#27;[0m                    &amp#27;[90m# GMO_Steps.i_am_on_Billing_page()&amp#27;[0m
    &amp#27;[36mWhen &amp#27;[0m&amp#27;[36mI input customer billing details&amp#27;[0m         &amp#27;[90m# GMO_Steps.i_input_customer_billing_details()&amp#27;[0m
    &amp#27;[36mAnd &amp#27;[0m&amp#27;[36mI placed the order&amp#27;[0m                        &amp#27;[90m# GMO_Steps.i_placed_the_order()&amp#27;[0m
    &amp#27;[36mThen &amp#27;[0m&amp#27;[36mI reciept page should display&amp#27;[0m            &amp#27;[90m# GMO_Steps.i_reciept_page_should_display()&amp#27;[0m
]]></system-out>
  </testcase>
  <testcase name="Confirm receipt and return to GMO home page" classname="Test GMO Post" time="0">
    <skipped message="This scenario is skipped"/>
    <system-out><![CDATA[
  @Receipt
  Scenario: Confirm receipt and return to GMO home page &amp#27;[90m# src/test/java/Features/GMO.feature:39&amp#27;[0m
    &amp#27;[36mGiven &amp#27;[0m&amp#27;[36mI am in Receipt page&amp#27;[0m                          &amp#27;[90m# GMO_Steps.i_am_in_Receipt_page()&amp#27;[0m
    &amp#27;[36mWhen &amp#27;[0m&amp#27;[36mI opt to return to home page&amp#27;[0m                   &amp#27;[90m# GMO_Steps.i_opt_to_return_to_home_page()&amp#27;[0m
    &amp#27;[36mThen &amp#27;[0m&amp#27;[36mI should navigate to GMO home page&amp#27;[0m             &amp#27;[90m# GMO_Steps.i_should_navigate_to_GMO_home_page()&amp#27;[0m
]]></system-out>
  </testcase>
</testsuite>