<?xml version="1.0" encoding="UTF-8"?>
<!-- Generated by org.testng.reporters.JUnitReportReporter -->
<testsuite skipped="0" hostname="LAPTOP-6DICUFVL" name="SelPack1.WebTable_Ex" tests="1" failures="0" timestamp="१७ सितंबर २०१७ ०८:०९:३० GMT" time="२०.८५३" errors="0">
  <testcase name="DynXp1" time="२०.८५३" classname="SelPack1.WebTable_Ex"/>
</testsuite> <!-- SelPack1.WebTable_Ex -->
