<?xml version="1.0" encoding="UTF-8"?>
<!-- Generated by org.testng.reporters.JUnitReportReporter -->
<testsuite skipped="0" hostname="LAPTOP-6DICUFVL" name="SelPack1.Dropdowns" tests="1" failures="0" timestamp="22 Dec 2019 11:51:02 GMT" time="24.007" errors="0">
  <testcase name="dropTest" time="24.007" classname="SelPack1.Dropdowns"/>
</testsuite> <!-- SelPack1.Dropdowns -->
