<?xml version="1.0" encoding="UTF-8"?>
<!-- Generated by org.testng.reporters.JUnitReportReporter -->
<testsuite skipped="0" hostname="LAPTOP-6DICUFVL" name="SelPack1.ActionsEX" tests="1" failures="0" timestamp="१४ अप्रैल २०१८ १८:३२:३३ GMT" time="२८.३०७" errors="0">
  <testcase name="DynXp" time="२८.३०७" classname="SelPack1.ActionsEX"/>
</testsuite> <!-- SelPack1.ActionsEX -->
