<?xml version="1.0" encoding="UTF-8"?>
<!-- Generated by org.testng.reporters.JUnitReportReporter -->
<testsuite skipped="0" hostname="LAPTOP-6DICUFVL" name="SelPack1.Action2" tests="4" failures="0" timestamp="२२ जुलाई २०१८ ०८:५२:३२ GMT" time="०.०७४" errors="0">
  <testcase name="E" time="०.०६९" classname="SelPack1.Action2"/>
  <testcase name="G" time="०.००२" classname="SelPack1.Action2"/>
  <testcase name="C" time="०.००१" classname="SelPack1.Action2"/>
  <testcase name="D" time="०.००२" classname="SelPack1.Action2"/>
</testsuite> <!-- SelPack1.Action2 -->
