<?xml version="1.0" encoding="UTF-8"?>
<!-- Generated by org.testng.reporters.JUnitReportReporter -->
<testsuite skipped="0" hostname="LAPTOP-6DICUFVL" name="SelPack1.CheckBoxTest" tests="1" failures="0" timestamp="२३ जुलाई २०१८ १६:२९:०१ GMT" time="१३३.४४२" errors="0">
  <testcase name="CheckB" time="१३३.४४२" classname="SelPack1.CheckBoxTest"/>
</testsuite> <!-- SelPack1.CheckBoxTest -->
