<?xml version="1.0" encoding="UTF-8"?>
<!-- Generated by org.testng.reporters.JUnitReportReporter -->
<testsuite skipped="0" hostname="LAPTOP-6DICUFVL" name="SelPack1.RadioB" tests="1" failures="0" timestamp="१६ सितंबर २०१७ ०८:५२:४३ GMT" time="१५.११५" errors="0">
  <testcase name="RadioButton" time="१५.११५" classname="SelPack1.RadioB"/>
</testsuite> <!-- SelPack1.RadioB -->
