<?xml version="1.0" encoding="UTF-8"?>
<!-- Generated by org.testng.reporters.JUnitReportReporter -->
<testsuite skipped="0" hostname="LAPTOP-6DICUFVL" name="SelPack1.DynaXp" tests="1" failures="0" timestamp="१७ सितंबर २०१७ ०६:४९:१६ GMT" time="१२.०४५" errors="0">
  <testcase name="DynXp" time="१२.०४५" classname="SelPack1.DynaXp"/>
</testsuite> <!-- SelPack1.DynaXp -->
