<?xml version="1.0" encoding="UTF-8"?>
<!-- Generated by org.testng.reporters.JUnitReportReporter -->
<testsuite skipped="0" hostname="LAPTOP-6DICUFVL" name="SelPack1.SpAction" tests="1" failures="0" timestamp="१७ सितंबर २०१७ ०७:५०:०८ GMT" time="६.२६३" errors="0">
  <testcase name="DynXp1" time="६.२६३" classname="SelPack1.SpAction"/>
</testsuite> <!-- SelPack1.SpAction -->
