<?xml version="1.0" encoding="UTF-8"?>
<!-- Generated by org.testng.reporters.JUnitReportReporter -->
<testsuite skipped="0" hostname="TRNROOM10-02" name="Runner.TestRunner2" tests="5" failures="0" timestamp="15 Jan 2020 09:48:35 GMT" time="7.734" errors="0">
  <testcase name="runScenario" time="1.131" classname="Runner.TestRunner2"/>
  <testcase name="runScenario" time="0.710" classname="Runner.TestRunner2"/>
  <testcase name="runScenario" time="4.918" classname="Runner.TestRunner2"/>
  <testcase name="runScenario" time="0.638" classname="Runner.TestRunner2"/>
  <testcase name="runScenario" time="0.337" classname="Runner.TestRunner2"/>
</testsuite> <!-- Runner.TestRunner2 -->
